<?xml version="1.0" encoding="UTF-8"?>
<!-- Generated by org.testng.reporters.JUnitXMLReporter -->
<testsuite hostname="MYSHEC79761L" ignored="0" name="Parameterize" tests="3" failures="2" timestamp="05 Jul 2017 13:52:45 GMT" time="0.072" errors="0">
  <testcase name="SecondTest" time="0.0" classname="Testng.ParameterizeTest">
    <failure type="org.testng.TestNGException" message="
Parameter &amp;apos;Test level param&amp;apos; is required by @Test on method SecondTest but has not been marked @Optional or defined
in D:\SeleniumTestNg\Test\config\Param.xml">
      <![CDATA[org.testng.TestNGException: 
Parameter 'Test level param' is required by @Test on method SecondTest but has not been marked @Optional or defined
in D:\SeleniumTestNg\Test\config\Param.xml
... Removed 23 stack frames]]>
    </failure>
  </testcase> <!-- SecondTest -->
  <testcase name="ThirdTest" time="0.0" classname="Testng.ParameterizeTest">
    <failure type="org.testng.TestNGException" message="
Parameter &amp;apos;Test level param&amp;apos; is required by @Test on method ThirdTest but has not been marked @Optional or defined
in D:\SeleniumTestNg\Test\config\Param.xml">
      <![CDATA[org.testng.TestNGException: 
Parameter 'Test level param' is required by @Test on method ThirdTest but has not been marked @Optional or defined
in D:\SeleniumTestNg\Test\config\Param.xml
... Removed 23 stack frames]]>
    </failure>
  </testcase> <!-- ThirdTest -->
  <testcase name="firstTest" time="0.007" classname="Testng.ParameterizeTest"/>
</testsuite> <!-- Parameterize -->
